2025-03-18 08:15:02,929 - INFO - Starting data collection for BTCUSDT from 2017-08-18 00:00:00
2025-03-18 08:15:03,296 - INFO - Fetched 995 records from 2017-08-18 00:00:00 to 2017-09-28 16:00:00
2025-03-18 08:15:03,744 - INFO - Fetched 1000 records from 2017-09-28 16:00:00 to 2017-11-09 08:00:00
2025-03-18 08:15:04,178 - INFO - Fetched 1000 records from 2017-11-09 08:00:00 to 2017-12-21 00:00:00
2025-03-18 08:15:04,633 - INFO - Fetched 1000 records from 2017-12-21 00:00:00 to 2018-01-31 16:00:00
2025-03-18 08:15:05,463 - INFO - Fetched 968 records from 2018-01-31 16:00:00 to 2018-03-14 08:00:00
2025-03-18 08:15:06,094 - INFO - Fetched 1000 records from 2018-03-14 08:00:00 to 2018-04-25 00:00:00
2025-03-18 08:15:06,527 - INFO - Fetched 1000 records from 2018-04-25 00:00:00 to 2018-06-05 16:00:00
2025-03-18 08:15:06,960 - INFO - Fetched 983 records from 2018-06-05 16:00:00 to 2018-07-17 08:00:00
2025-03-18 08:15:07,640 - INFO - Fetched 1000 records from 2018-07-17 08:00:00 to 2018-08-28 00:00:00
2025-03-18 08:15:08,075 - INFO - Fetched 1000 records from 2018-08-28 00:00:00 to 2018-10-08 16:00:00
2025-03-18 08:15:08,544 - INFO - Fetched 991 records from 2018-10-08 16:00:00 to 2018-11-19 08:00:00
2025-03-18 08:15:09,064 - INFO - Fetched 1000 records from 2018-11-19 08:00:00 to 2018-12-31 00:00:00
2025-03-18 08:15:09,525 - INFO - Fetched 1000 records from 2018-12-31 00:00:00 to 2019-02-10 16:00:00
2025-03-18 08:15:09,974 - INFO - Fetched 995 records from 2019-02-10 16:00:00 to 2019-03-24 08:00:00
2025-03-18 08:15:10,436 - INFO - Fetched 1000 records from 2019-03-24 08:00:00 to 2019-05-05 00:00:00
2025-03-18 08:15:10,869 - INFO - Fetched 991 records from 2019-05-05 00:00:00 to 2019-06-15 16:00:00
2025-03-18 08:15:11,412 - INFO - Fetched 1000 records from 2019-06-15 16:00:00 to 2019-07-27 08:00:00
2025-03-18 08:15:11,855 - INFO - Fetched 993 records from 2019-07-27 08:00:00 to 2019-09-07 00:00:00
2025-03-18 08:15:12,284 - INFO - Fetched 1000 records from 2019-09-07 00:00:00 to 2019-10-18 16:00:00
2025-03-18 08:15:12,736 - INFO - Fetched 997 records from 2019-10-18 16:00:00 to 2019-11-29 08:00:00
2025-03-18 08:15:13,281 - INFO - Fetched 1000 records from 2019-11-29 08:00:00 to 2020-01-10 00:00:00
2025-03-18 08:15:13,765 - INFO - Fetched 995 records from 2020-01-10 00:00:00 to 2020-02-20 16:00:00
2025-03-18 08:15:14,229 - INFO - Fetched 1000 records from 2020-02-20 16:00:00 to 2020-04-02 08:00:00
2025-03-18 08:15:14,692 - INFO - Fetched 999 records from 2020-04-02 08:00:00 to 2020-05-14 00:00:00
2025-03-18 08:15:15,207 - INFO - Fetched 1000 records from 2020-05-14 00:00:00 to 2020-06-24 16:00:00
2025-03-18 08:15:15,682 - INFO - Fetched 998 records from 2020-06-24 16:00:00 to 2020-08-05 08:00:00
2025-03-18 08:15:16,148 - INFO - Fetched 1000 records from 2020-08-05 08:00:00 to 2020-09-16 00:00:00
2025-03-18 08:15:16,588 - INFO - Fetched 1000 records from 2020-09-16 00:00:00 to 2020-10-27 16:00:00
2025-03-18 08:15:17,036 - INFO - Fetched 1000 records from 2020-10-27 16:00:00 to 2020-12-08 08:00:00
2025-03-18 08:15:17,477 - INFO - Fetched 996 records from 2020-12-08 08:00:00 to 2021-01-19 00:00:00
2025-03-18 08:15:17,932 - INFO - Fetched 1000 records from 2021-01-19 00:00:00 to 2021-03-01 16:00:00
2025-03-18 08:15:18,782 - INFO - Fetched 1000 records from 2021-03-01 16:00:00 to 2021-04-12 08:00:00
2025-03-18 08:15:19,240 - INFO - Fetched 996 records from 2021-04-12 08:00:00 to 2021-05-24 00:00:00
2025-03-18 08:15:20,096 - INFO - Fetched 1000 records from 2021-05-24 00:00:00 to 2021-07-04 16:00:00
2025-03-18 08:15:20,581 - INFO - Fetched 997 records from 2021-07-04 16:00:00 to 2021-08-15 08:00:00
2025-03-18 08:15:21,134 - INFO - Fetched 1000 records from 2021-08-15 08:00:00 to 2021-09-26 00:00:00
2025-03-18 08:15:21,653 - INFO - Fetched 999 records from 2021-09-26 00:00:00 to 2021-11-06 16:00:00
2025-03-18 08:15:22,128 - INFO - Fetched 1000 records from 2021-11-06 16:00:00 to 2021-12-18 08:00:00
2025-03-18 08:15:22,625 - INFO - Fetched 1000 records from 2021-12-18 08:00:00 to 2022-01-29 00:00:00
2025-03-18 08:15:23,102 - INFO - Fetched 1000 records from 2022-01-29 00:00:00 to 2022-03-11 16:00:00
2025-03-18 08:15:23,581 - INFO - Fetched 1000 records from 2022-03-11 16:00:00 to 2022-04-22 08:00:00
2025-03-18 08:15:24,047 - INFO - Fetched 1000 records from 2022-04-22 08:00:00 to 2022-06-03 00:00:00
2025-03-18 08:15:24,532 - INFO - Fetched 1000 records from 2022-06-03 00:00:00 to 2022-07-14 16:00:00
2025-03-18 08:15:25,007 - INFO - Fetched 1000 records from 2022-07-14 16:00:00 to 2022-08-25 08:00:00
2025-03-18 08:15:25,866 - INFO - Fetched 1000 records from 2022-08-25 08:00:00 to 2022-10-06 00:00:00
2025-03-18 08:15:26,360 - INFO - Fetched 1000 records from 2022-10-06 00:00:00 to 2022-11-16 16:00:00
2025-03-18 08:15:26,898 - INFO - Fetched 1000 records from 2022-11-16 16:00:00 to 2022-12-28 08:00:00
2025-03-18 08:15:27,364 - INFO - Fetched 1000 records from 2022-12-28 08:00:00 to 2023-02-08 00:00:00
2025-03-18 08:15:27,848 - INFO - Fetched 1000 records from 2023-02-08 00:00:00 to 2023-03-21 16:00:00
2025-03-18 08:15:28,310 - INFO - Fetched 1000 records from 2023-03-21 16:00:00 to 2023-05-02 08:00:00
2025-03-18 08:15:28,796 - INFO - Fetched 1000 records from 2023-05-02 08:00:00 to 2023-06-13 00:00:00
2025-03-18 08:15:29,260 - INFO - Fetched 1000 records from 2023-06-13 00:00:00 to 2023-07-24 16:00:00
2025-03-18 08:15:29,927 - INFO - Fetched 1000 records from 2023-07-24 16:00:00 to 2023-09-04 08:00:00
2025-03-18 08:15:30,468 - INFO - Fetched 1000 records from 2023-09-04 08:00:00 to 2023-10-16 00:00:00
2025-03-18 08:15:31,139 - INFO - Fetched 1000 records from 2023-10-16 00:00:00 to 2023-11-26 16:00:00
2025-03-18 08:15:31,705 - INFO - Fetched 1000 records from 2023-11-26 16:00:00 to 2024-01-07 08:00:00
2025-03-18 08:15:32,237 - INFO - Fetched 1000 records from 2024-01-07 08:00:00 to 2024-02-18 00:00:00
2025-03-18 08:15:32,806 - INFO - Fetched 1000 records from 2024-02-18 00:00:00 to 2024-03-30 16:00:00
2025-03-18 08:15:33,302 - INFO - Fetched 1000 records from 2024-03-30 16:00:00 to 2024-05-11 08:00:00
2025-03-18 08:15:33,761 - INFO - Fetched 1000 records from 2024-05-11 08:00:00 to 2024-06-22 00:00:00
2025-03-18 08:15:34,199 - INFO - Fetched 1000 records from 2024-06-22 00:00:00 to 2024-08-02 16:00:00
2025-03-18 08:15:34,662 - INFO - Fetched 1000 records from 2024-08-02 16:00:00 to 2024-09-13 08:00:00
2025-03-18 08:15:35,123 - INFO - Fetched 1000 records from 2024-09-13 08:00:00 to 2024-10-25 00:00:00
2025-03-18 08:15:35,603 - INFO - Fetched 1000 records from 2024-10-25 00:00:00 to 2024-12-05 16:00:00
2025-03-18 08:15:36,467 - INFO - Fetched 1000 records from 2024-12-05 16:00:00 to 2025-01-16 08:00:00
2025-03-18 08:15:37,322 - INFO - Fetched 1000 records from 2025-01-16 08:00:00 to 2025-02-27 00:00:00
2025-03-18 08:15:37,773 - INFO - Fetched 458 records from 2025-02-27 00:00:00 to 2025-03-18 08:15:02.930508
2025-03-18 08:15:38,549 - INFO - Saved complete historical data to binance_history/BTCUSDT_1h_complete_20250318.csv
2025-03-18 08:15:38,551 - INFO - Data collection completed successfully
